Traceback (most recent call last):
  File "<frozen runpy>", line 198, in _run_module_as_main
  File "<frozen runpy>", line 88, in _run_code
  File "/home/sejoro/swarmfi/axl/axl-repo/integrations/mcp_routing/mcp_router.py", line 220, in <module>
    main()
  File "/home/sejoro/swarmfi/axl/axl-repo/integrations/mcp_routing/mcp_router.py", line 216, in main
    asyncio.run(run_router(args.port))
  File "/usr/lib/python3.12/asyncio/runners.py", line 194, in run
    return runner.run(main)
           ^^^^^^^^^^^^^^^^
  File "/usr/lib/python3.12/asyncio/runners.py", line 118, in run
    return self._loop.run_until_complete(task)
           ^^^^^^^^^^^^^^^^^^^^^^^^^^^^^^^^^^^
  File "/usr/lib/python3.12/asyncio/base_events.py", line 687, in run_until_complete
    return future.result()
           ^^^^^^^^^^^^^^^
  File "/home/sejoro/swarmfi/axl/axl-repo/integrations/mcp_routing/mcp_router.py", line 190, in run_router
    await site.start()
  File "/home/sejoro/.local/lib/python3.12/site-packages/aiohttp/web_runner.py", line 121, in start
    self._server = await loop.create_server(
                   ^^^^^^^^^^^^^^^^^^^^^^^^^
  File "/usr/lib/python3.12/asyncio/base_events.py", line 1572, in create_server
    raise OSError(err.errno, msg) from None
OSError: [Errno 98] error while attempting to bind on address ('127.0.0.1', 9023): address already in use
